Removed Pin From Net: NetName=NetC505_2 Pin=J706-1
Removed Pin From Net: NetName=NetJ705_2 Pin=J706-2
Removed Pin From Net: NetName=NetJ705_3 Pin=J706-3
Removed Pin From Net: NetName=GND Pin=J706-4
Removed Pin From Net: NetName=NetD506_1 Pin=J708-1
Removed Pin From Net: NetName=GND Pin=J708-4
Removed Pin From Net: NetName=NetJ709_2 Pin=J709-2
Removed Pin From Net: NetName=NetJ709_3 Pin=J709-3
Removed Pin From Net: NetName=NetD504_1 Pin=J710-1
Removed Pin From Net: NetName=NetJ709_2 Pin=J710-2
Removed Pin From Net: NetName=NetJ709_3 Pin=J710-3
Removed Pin From Net: NetName=GND Pin=J710-4
Removed Pin From Net: NetName=12VIN Pin=J712-1
Removed Pin From Net: NetName=GND Pin=J712-4
Removed Pin From Net: NetName=GND Pin=J714-1
Removed Pin From Net: NetName=NetJ713_2 Pin=J714-2
Removed Pin From Net: NetName=NetJ713_3 Pin=J714-3
Removed Pin From Net: NetName=GND Pin=J714-4
Removed Pin From Net: NetName=NetJ709_3 Pin=U202-13
Removed Pin From Net: NetName=NetJ709_2 Pin=U202-14
Removed Member From Class: ClassName=Data_PWR_Connectors Member=J711
Removed Member From Class: ClassName=Data_PWR_Connectors Member=J712
Removed Member From Class: ClassName=Data_PWR_Connectors Member=J713
Removed Member From Class: ClassName=Data_PWR_Connectors Member=J714
Removed Member From Class: ClassName=Data_PWR_Connectors Member=J715
Change Component Designator: OldDesignator=J705 NewDesignator=J707
Change Component Designator: OldDesignator=J707 NewDesignator=J709
Change Component Designator: OldDesignator=J709 NewDesignator=J710
Change Component Designator: OldDesignator=J711 NewDesignator=J706
Change Component Designator: OldDesignator=J713 NewDesignator=J708
Change Component Designator: OldDesignator=J715 NewDesignator=J705
Added Pin To Net: NetName=NetJ709_2 Pin=J709-2
Added Pin To Net: NetName=NetJ709_3 Pin=J709-3
Added Pin To Net: NetName=NetJ709_3 Pin=U201-13
Added Pin To Net: NetName=NetJ709_2 Pin=U201-14
Change Net Name : Old Net Name=NetJ705_2 New Net Name=NetJ707_2
Change Net Name : Old Net Name=NetJ705_3 New Net Name=NetJ707_3
Change Net Name : Old Net Name=NetJ713_2 New Net Name=NetJ708_2
Change Net Name : Old Net Name=NetJ713_3 New Net Name=NetJ708_3
Added Pin To Net: NetName=NetJ706_2 Pin=J706-2
Added Pin To Net: NetName=NetJ706_2 Pin=U201-7
Added Net: Name=NetJ706_2
Added Pin To Net: NetName=NetJ706_3 Pin=J706-3
Added Pin To Net: NetName=NetJ706_3 Pin=U201-8
Added Net: Name=NetJ706_3
Added Pin To Net: NetName=NetJ710_2 Pin=J710-2
Added Pin To Net: NetName=NetJ710_2 Pin=U202-14
Added Net: Name=NetJ710_2
Added Pin To Net: NetName=NetJ710_3 Pin=J710-3
Added Pin To Net: NetName=NetJ710_3 Pin=U202-13
Added Net: Name=NetJ710_3
